# JRE version: OpenJDK Runtime Environment JBR-17.0.8.1+7-1063.1-nomod (17.0.8.1+7) (build 17.0.8.1+7-b1063.1)
# Java VM: OpenJDK 64-Bit Server VM JBR-17.0.8.1+7-1063.1-nomod (17.0.8.1+7-b1063.1, mixed mode, tiered, compressed oops, compressed class ptrs, g1 gc, windows-amd64)
GC Precious Log:
 CPUs: 32 total, 32 available
 Memory: 16123M
 Large Page Support: Disabled
 NUMA Support: Disabled
 Compressed Oops: Enabled (Zero based)
 Heap Region Size: 2M
 Heap Min Capacity: 8M
 Heap Initial Capacity: 252M
 Heap Max Capacity: 4032M
 Pre-touch: Disabled
 Parallel Workers: 23
 Concurrent Workers: 6
 Concurrent Refinement Workers: 23
 Periodic GC: Disabled
Heap:
 garbage-first heap   total 149504K, used 58315K [0x0000000704000000, 0x0000000800000000)
  region size 2048K, 21 young (43008K), 1 survivors (2048K)
 Metaspace       used 38785K, committed 39040K, reserved 1114112K
  class space    used 4983K, committed 5120K, reserved 1048576K
GC Heap History (20 events):
Event: 0.465 GC heap before
{Heap before GC invocations=0 (full 0):
 garbage-first heap   total 258048K, used 20480K [0x0000000704000000, 0x0000000800000000)
  region size 2048K, 11 young (22528K), 0 survivors (0K)
 Metaspace       used 10810K, committed 11008K, reserved 1114112K
  class space    used 1034K, committed 1152K, reserved 1048576K
}
Event: 0.467 GC heap after
{Heap after GC invocations=1 (full 0):
 garbage-first heap   total 258048K, used 2349K [0x0000000704000000, 0x0000000800000000)
  region size 2048K, 2 young (4096K), 2 survivors (4096K)
 Metaspace       used 10810K, committed 11008K, reserved 1114112K
  class space    used 1034K, committed 1152K, reserved 1048576K
}
Event: 0.792 GC heap before
{Heap before GC invocations=1 (full 0):
 garbage-first heap   total 258048K, used 39213K [0x0000000704000000, 0x0000000800000000)
  region size 2048K, 20 young (40960K), 2 survivors (4096K)
 Metaspace       used 19947K, committed 20096K, reserved 1114112K
  class space    used 2376K, committed 2432K, reserved 1048576K
}
Event: 0.795 GC heap after
{Heap after GC invocations=2 (full 0):
 garbage-first heap   total 258048K, used 7116K [0x0000000704000000, 0x0000000800000000)
  region size 2048K, 3 young (6144K), 3 survivors (6144K)
 Metaspace       used 19947K, committed 20096K, reserved 1114112K
  class space    used 2376K, committed 2432K, reserved 1048576K
}
Event: 0.915 GC heap before
{Heap before GC invocations=2 (full 0):
 garbage-first heap   total 258048K, used 11212K [0x0000000704000000, 0x0000000800000000)
  region size 2048K, 6 young (12288K), 3 survivors (6144K)
 Metaspace       used 21395K, committed 21504K, reserved 1114112K
  class space    used 2512K, committed 2560K, reserved 1048576K
}
Event: 0.917 GC heap after
{Heap after GC invocations=3 (full 0):
 garbage-first heap   total 258048K, used 7774K [0x0000000704000000, 0x0000000800000000)
  region size 2048K, 4 young (8192K), 4 survivors (8192K)
 Metaspace       used 21395K, committed 21504K, reserved 1114112K
  class space    used 2512K, committed 2560K, reserved 1048576K
}
Event: 1.092 GC heap before
{Heap before GC invocations=4 (full 0):
 garbage-first heap   total 40960K, used 26206K [0x0000000704000000, 0x0000000800000000)
  region size 2048K, 13 young (26624K), 4 survivors (8192K)
 Metaspace       used 24679K, committed 24960K, reserved 1114112K
  class space    used 3151K, committed 3264K, reserved 1048576K
}
Event: 1.095 GC heap after
{Heap after GC invocations=5 (full 0):
 garbage-first heap   total 40960K, used 12181K [0x0000000704000000, 0x0000000800000000)
  region size 2048K, 5 young (10240K), 5 survivors (10240K)
 Metaspace       used 24679K, committed 24960K, reserved 1114112K
  class space    used 3151K, committed 3264K, reserved 1048576K
}
Event: 3.120 GC heap before
{Heap before GC invocations=5 (full 0):
 garbage-first heap   total 40960K, used 12181K [0x0000000704000000, 0x0000000800000000)
  region size 2048K, 6 young (12288K), 5 survivors (10240K)
 Metaspace       used 25079K, committed 25280K, reserved 1114112K
  class space    used 3181K, committed 3264K, reserved 1048576K
}
Event: 3.127 GC heap after
{Heap after GC invocations=6 (full 0):
 garbage-first heap   total 40960K, used 12698K [0x0000000704000000, 0x0000000800000000)
  region size 2048K, 1 young (2048K), 1 survivors (2048K)
 Metaspace       used 25079K, committed 25280K, reserved 1114112K
  class space    used 3181K, committed 3264K, reserved 1048576K
}
Event: 3.270 GC heap before
{Heap before GC invocations=6 (full 0):
 garbage-first heap   total 40960K, used 24986K [0x0000000704000000, 0x0000000800000000)
  region size 2048K, 8 young (16384K), 1 survivors (2048K)
 Metaspace       used 29973K, committed 30208K, reserved 1114112K
  class space    used 3728K, committed 3840K, reserved 1048576K
}
Event: 3.271 GC heap after
{Heap after GC invocations=7 (full 0):
 garbage-first heap   total 40960K, used 14033K [0x0000000704000000, 0x0000000800000000)
  region size 2048K, 1 young (2048K), 1 survivors (2048K)
 Metaspace       used 29973K, committed 30208K, reserved 1114112K
  class space    used 3728K, committed 3840K, reserved 1048576K
}
Event: 3.502 GC heap before
{Heap before GC invocations=7 (full 0):
 garbage-first heap   total 40960K, used 28369K [0x0000000704000000, 0x0000000800000000)
  region size 2048K, 9 young (18432K), 1 survivors (2048K)
 Metaspace       used 33711K, committed 34048K, reserved 1114112K
  class space    used 4307K, committed 4480K, reserved 1048576K
}
Event: 3.503 GC heap after
{Heap after GC invocations=8 (full 0):
 garbage-first heap   total 40960K, used 15901K [0x0000000704000000, 0x0000000800000000)
  region size 2048K, 2 young (4096K), 2 survivors (4096K)
 Metaspace       used 33711K, committed 34048K, reserved 1114112K
  class space    used 4307K, committed 4480K, reserved 1048576K
}
Event: 5.001 GC heap before
{Heap before GC invocations=8 (full 0):
 garbage-first heap   total 40960K, used 26141K [0x0000000704000000, 0x0000000800000000)
  region size 2048K, 8 young (16384K), 2 survivors (4096K)
 Metaspace       used 35680K, committed 35968K, reserved 1114112K
  class space    used 4575K, committed 4736K, reserved 1048576K
}
Event: 5.003 GC heap after
{Heap after GC invocations=9 (full 0):
 garbage-first heap   total 40960K, used 19984K [0x0000000704000000, 0x0000000800000000)
  region size 2048K, 2 young (4096K), 2 survivors (4096K)
 Metaspace       used 35680K, committed 35968K, reserved 1114112K
  class space    used 4575K, committed 4736K, reserved 1048576K
}
Event: 5.105 GC heap before
{Heap before GC invocations=10 (full 0):
 garbage-first heap   total 40960K, used 28176K [0x0000000704000000, 0x0000000800000000)
  region size 2048K, 7 young (14336K), 2 survivors (4096K)
 Metaspace       used 36863K, committed 37120K, reserved 1114112K
  class space    used 4798K, committed 4928K, reserved 1048576K
}
Event: 5.106 GC heap after
{Heap after GC invocations=11 (full 0):
 garbage-first heap   total 40960K, used 19391K [0x0000000704000000, 0x0000000800000000)
  region size 2048K, 1 young (2048K), 1 survivors (2048K)
 Metaspace       used 36863K, committed 37120K, reserved 1114112K
  class space    used 4798K, committed 4928K, reserved 1048576K
}
Event: 5.128 GC heap before
{Heap before GC invocations=11 (full 0):
 garbage-first heap   total 40960K, used 21439K [0x0000000704000000, 0x0000000800000000)
  region size 2048K, 2 young (4096K), 1 survivors (2048K)
 Metaspace       used 37144K, committed 37440K, reserved 1114112K
  class space    used 4848K, committed 4992K, reserved 1048576K
}
Event: 5.132 GC heap after
{Heap after GC invocations=12 (full 0):
 garbage-first heap   total 149504K, used 19403K [0x0000000704000000, 0x0000000800000000)
  region size 2048K, 1 young (2048K), 1 survivors (2048K)
 Metaspace       used 37144K, committed 37440K, reserved 1114112K
  class space    used 4848K, committed 4992K, reserved 1048576K
}

