# JRE version: OpenJDK Runtime Environment JBR-17.0.8.1+7-1063.1-nomod (17.0.8.1+7) (build 17.0.8.1+7-b1063.1)
# Java VM: OpenJDK 64-Bit Server VM JBR-17.0.8.1+7-1063.1-nomod (17.0.8.1+7-b1063.1, mixed mode, tiered, compressed oops, compressed class ptrs, g1 gc, windows-amd64)
GC Precious Log:
 CPUs: 32 total, 32 available
 Memory: 16123M
 Large Page Support: Disabled
 NUMA Support: Disabled
 Compressed Oops: Enabled (Zero based)
 Heap Region Size: 2M
 Heap Min Capacity: 8M
 Heap Initial Capacity: 252M
 Heap Max Capacity: 4032M
 Pre-touch: Disabled
 Parallel Workers: 23
 Concurrent Workers: 6
 Concurrent Refinement Workers: 23
 Periodic GC: Disabled
Heap:
 garbage-first heap   total 81920K, used 39947K [0x0000000704000000, 0x0000000800000000)
  region size 2048K, 3 young (6144K), 1 survivors (2048K)
 Metaspace       used 36951K, committed 37248K, reserved 1114112K
  class space    used 4791K, committed 4928K, reserved 1048576K
GC Heap History (16 events):
Event: 0.421 GC heap before
{Heap before GC invocations=0 (full 0):
 garbage-first heap   total 258048K, used 20480K [0x0000000704000000, 0x0000000800000000)
  region size 2048K, 11 young (22528K), 0 survivors (0K)
 Metaspace       used 11304K, committed 11456K, reserved 1114112K
  class space    used 1100K, committed 1152K, reserved 1048576K
}
Event: 0.423 GC heap after
{Heap after GC invocations=1 (full 0):
 garbage-first heap   total 258048K, used 2840K [0x0000000704000000, 0x0000000800000000)
  region size 2048K, 2 young (4096K), 2 survivors (4096K)
 Metaspace       used 11304K, committed 11456K, reserved 1114112K
  class space    used 1100K, committed 1152K, reserved 1048576K
}
Event: 0.796 GC heap before
{Heap before GC invocations=1 (full 0):
 garbage-first heap   total 258048K, used 43800K [0x0000000704000000, 0x0000000800000000)
  region size 2048K, 19 young (38912K), 2 survivors (4096K)
 Metaspace       used 20946K, committed 21184K, reserved 1114112K
  class space    used 2601K, committed 2752K, reserved 1048576K
}
Event: 0.799 GC heap after
{Heap after GC invocations=2 (full 0):
 garbage-first heap   total 258048K, used 13979K [0x0000000704000000, 0x0000000800000000)
  region size 2048K, 3 young (6144K), 3 survivors (6144K)
 Metaspace       used 20946K, committed 21184K, reserved 1114112K
  class space    used 2601K, committed 2752K, reserved 1048576K
}
Event: 0.813 GC heap before
{Heap before GC invocations=2 (full 0):
 garbage-first heap   total 258048K, used 16027K [0x0000000704000000, 0x0000000800000000)
  region size 2048K, 5 young (10240K), 3 survivors (6144K)
 Metaspace       used 21339K, committed 21504K, reserved 1114112K
  class space    used 2705K, committed 2816K, reserved 1048576K
}
Event: 0.815 GC heap after
{Heap after GC invocations=3 (full 0):
 garbage-first heap   total 258048K, used 14201K [0x0000000704000000, 0x0000000800000000)
  region size 2048K, 3 young (6144K), 3 survivors (6144K)
 Metaspace       used 21339K, committed 21504K, reserved 1114112K
  class space    used 2705K, committed 2816K, reserved 1048576K
}
Event: 1.505 GC heap before
{Heap before GC invocations=4 (full 0):
 garbage-first heap   total 61440K, used 44921K [0x0000000704000000, 0x0000000800000000)
  region size 2048K, 18 young (36864K), 3 survivors (6144K)
 Metaspace       used 31518K, committed 31808K, reserved 1114112K
  class space    used 4008K, committed 4160K, reserved 1048576K
}
Event: 1.508 GC heap after
{Heap after GC invocations=5 (full 0):
 garbage-first heap   total 61440K, used 20590K [0x0000000704000000, 0x0000000800000000)
  region size 2048K, 3 young (6144K), 3 survivors (6144K)
 Metaspace       used 31518K, committed 31808K, reserved 1114112K
  class space    used 4008K, committed 4160K, reserved 1048576K
}
Event: 1.545 GC heap before
{Heap before GC invocations=5 (full 0):
 garbage-first heap   total 61440K, used 22638K [0x0000000704000000, 0x0000000800000000)
  region size 2048K, 4 young (8192K), 3 survivors (6144K)
 Metaspace       used 31949K, committed 32256K, reserved 1114112K
  class space    used 4089K, committed 4224K, reserved 1048576K
}
Event: 1.546 GC heap after
{Heap after GC invocations=6 (full 0):
 garbage-first heap   total 61440K, used 21039K [0x0000000704000000, 0x0000000800000000)
  region size 2048K, 1 young (2048K), 1 survivors (2048K)
 Metaspace       used 31949K, committed 32256K, reserved 1114112K
  class space    used 4089K, committed 4224K, reserved 1048576K
}
Event: 1.674 GC heap before
{Heap before GC invocations=6 (full 0):
 garbage-first heap   total 61440K, used 35375K [0x0000000704000000, 0x0000000800000000)
  region size 2048K, 7 young (14336K), 1 survivors (2048K)
 Metaspace       used 33519K, committed 33792K, reserved 1114112K
  class space    used 4355K, committed 4480K, reserved 1048576K
}
Event: 1.676 GC heap after
{Heap after GC invocations=7 (full 0):
 garbage-first heap   total 61440K, used 29281K [0x0000000704000000, 0x0000000800000000)
  region size 2048K, 2 young (4096K), 2 survivors (4096K)
 Metaspace       used 33519K, committed 33792K, reserved 1114112K
  class space    used 4355K, committed 4480K, reserved 1048576K
}
Event: 3.593 GC heap before
{Heap before GC invocations=7 (full 0):
 garbage-first heap   total 61440K, used 39521K [0x0000000704000000, 0x0000000800000000)
  region size 2048K, 7 young (14336K), 2 survivors (4096K)
 Metaspace       used 35095K, committed 35392K, reserved 1114112K
  class space    used 4592K, committed 4736K, reserved 1048576K
}
Event: 3.596 GC heap after
{Heap after GC invocations=8 (full 0):
 garbage-first heap   total 61440K, used 32241K [0x0000000704000000, 0x0000000800000000)
  region size 2048K, 1 young (2048K), 1 survivors (2048K)
 Metaspace       used 35095K, committed 35392K, reserved 1114112K
  class space    used 4592K, committed 4736K, reserved 1048576K
}
Event: 4.547 GC heap before
{Heap before GC invocations=9 (full 0):
 garbage-first heap   total 65536K, used 48625K [0x0000000704000000, 0x0000000800000000)
  region size 2048K, 8 young (16384K), 1 survivors (2048K)
 Metaspace       used 36631K, committed 36928K, reserved 1114112K
  class space    used 4769K, committed 4928K, reserved 1048576K
}
Event: 4.549 GC heap after
{Heap after GC invocations=10 (full 0):
 garbage-first heap   total 81920K, used 37899K [0x0000000704000000, 0x0000000800000000)
  region size 2048K, 1 young (2048K), 1 survivors (2048K)
 Metaspace       used 36631K, committed 36928K, reserved 1114112K
  class space    used 4769K, committed 4928K, reserved 1048576K
}

