# JRE version: OpenJDK Runtime Environment JBR-17.0.8.1+7-1063.1-nomod (17.0.8.1+7) (build 17.0.8.1+7-b1063.1)
# Java VM: OpenJDK 64-Bit Server VM JBR-17.0.8.1+7-1063.1-nomod (17.0.8.1+7-b1063.1, mixed mode, tiered, compressed oops, compressed class ptrs, g1 gc, windows-amd64)
GC Precious Log:
 CPUs: 32 total, 32 available
 Memory: 16123M
 Large Page Support: Disabled
 NUMA Support: Disabled
 Compressed Oops: Enabled (Zero based)
 Heap Region Size: 2M
 Heap Min Capacity: 8M
 Heap Initial Capacity: 252M
 Heap Max Capacity: 4032M
 Pre-touch: Disabled
 Parallel Workers: 23
 Concurrent Workers: 6
 Concurrent Refinement Workers: 23
 Periodic GC: Disabled
Heap:
 garbage-first heap   total 61440K, used 36493K [0x0000000704000000, 0x0000000800000000)
  region size 2048K, 3 young (6144K), 1 survivors (2048K)
 Metaspace       used 37945K, committed 38208K, reserved 1114112K
  class space    used 4954K, committed 5056K, reserved 1048576K
GC Heap History (18 events):
Event: 1.205 GC heap before
{Heap before GC invocations=0 (full 0):
 garbage-first heap   total 258048K, used 22528K [0x0000000704000000, 0x0000000800000000)
  region size 2048K, 11 young (22528K), 0 survivors (0K)
 Metaspace       used 10900K, committed 11072K, reserved 1114112K
  class space    used 1051K, committed 1152K, reserved 1048576K
}
Event: 1.211 GC heap after
{Heap after GC invocations=1 (full 0):
 garbage-first heap   total 258048K, used 2538K [0x0000000704000000, 0x0000000800000000)
  region size 2048K, 2 young (4096K), 2 survivors (4096K)
 Metaspace       used 10900K, committed 11072K, reserved 1114112K
  class space    used 1051K, committed 1152K, reserved 1048576K
}
Event: 2.722 GC heap before
{Heap before GC invocations=1 (full 0):
 garbage-first heap   total 258048K, used 37354K [0x0000000704000000, 0x0000000800000000)
  region size 2048K, 19 young (38912K), 2 survivors (4096K)
 Metaspace       used 19605K, committed 19840K, reserved 1114112K
  class space    used 2336K, committed 2432K, reserved 1048576K
}
Event: 2.728 GC heap after
{Heap after GC invocations=2 (full 0):
 garbage-first heap   total 258048K, used 6795K [0x0000000704000000, 0x0000000800000000)
  region size 2048K, 3 young (6144K), 3 survivors (6144K)
 Metaspace       used 19605K, committed 19840K, reserved 1114112K
  class space    used 2336K, committed 2432K, reserved 1048576K
}
Event: 3.343 GC heap before
{Heap before GC invocations=2 (full 0):
 garbage-first heap   total 258048K, used 21131K [0x0000000704000000, 0x0000000800000000)
  region size 2048K, 8 young (16384K), 3 survivors (6144K)
 Metaspace       used 21260K, committed 21504K, reserved 1114112K
  class space    used 2620K, committed 2752K, reserved 1048576K
}
Event: 3.352 GC heap after
{Heap after GC invocations=3 (full 0):
 garbage-first heap   total 258048K, used 13832K [0x0000000704000000, 0x0000000800000000)
  region size 2048K, 4 young (8192K), 4 survivors (8192K)
 Metaspace       used 21260K, committed 21504K, reserved 1114112K
  class space    used 2620K, committed 2752K, reserved 1048576K
}
Event: 5.859 GC heap before
{Heap before GC invocations=4 (full 0):
 garbage-first heap   total 61440K, used 44552K [0x0000000704000000, 0x0000000800000000)
  region size 2048K, 18 young (36864K), 4 survivors (8192K)
 Metaspace       used 27762K, committed 28032K, reserved 1114112K
  class space    used 3494K, committed 3584K, reserved 1048576K
}
Event: 5.866 GC heap after
{Heap after GC invocations=5 (full 0):
 garbage-first heap   total 61440K, used 19372K [0x0000000704000000, 0x0000000800000000)
  region size 2048K, 2 young (4096K), 2 survivors (4096K)
 Metaspace       used 27762K, committed 28032K, reserved 1114112K
  class space    used 3494K, committed 3584K, reserved 1048576K
}
Event: 6.143 GC heap before
{Heap before GC invocations=5 (full 0):
 garbage-first heap   total 61440K, used 19372K [0x0000000704000000, 0x0000000800000000)
  region size 2048K, 3 young (6144K), 2 survivors (4096K)
 Metaspace       used 28849K, committed 29120K, reserved 1114112K
  class space    used 3623K, committed 3776K, reserved 1048576K
}
Event: 6.147 GC heap after
{Heap after GC invocations=6 (full 0):
 garbage-first heap   total 61440K, used 19902K [0x0000000704000000, 0x0000000800000000)
  region size 2048K, 1 young (2048K), 1 survivors (2048K)
 Metaspace       used 28849K, committed 29120K, reserved 1114112K
  class space    used 3623K, committed 3776K, reserved 1048576K
}
Event: 16.889 GC heap before
{Heap before GC invocations=6 (full 0):
 garbage-first heap   total 61440K, used 48574K [0x0000000704000000, 0x0000000800000000)
  region size 2048K, 12 young (24576K), 1 survivors (2048K)
 Metaspace       used 34040K, committed 34304K, reserved 1114112K
  class space    used 4419K, committed 4544K, reserved 1048576K
}
Event: 16.894 GC heap after
{Heap after GC invocations=7 (full 0):
 garbage-first heap   total 61440K, used 27817K [0x0000000704000000, 0x0000000800000000)
  region size 2048K, 2 young (4096K), 2 survivors (4096K)
 Metaspace       used 34040K, committed 34304K, reserved 1114112K
  class space    used 4419K, committed 4544K, reserved 1048576K
}
Event: 17.082 GC heap before
{Heap before GC invocations=7 (full 0):
 garbage-first heap   total 61440K, used 27817K [0x0000000704000000, 0x0000000800000000)
  region size 2048K, 4 young (8192K), 2 survivors (4096K)
 Metaspace       used 34332K, committed 34624K, reserved 1114112K
  class space    used 4438K, committed 4544K, reserved 1048576K
}
Event: 17.090 GC heap after
{Heap after GC invocations=8 (full 0):
 garbage-first heap   total 61440K, used 29346K [0x0000000704000000, 0x0000000800000000)
  region size 2048K, 1 young (2048K), 1 survivors (2048K)
 Metaspace       used 34332K, committed 34624K, reserved 1114112K
  class space    used 4438K, committed 4544K, reserved 1048576K
}
Event: 38.581 GC heap before
{Heap before GC invocations=9 (full 0):
 garbage-first heap   total 61440K, used 41634K [0x0000000704000000, 0x0000000800000000)
  region size 2048K, 8 young (16384K), 1 survivors (2048K)
 Metaspace       used 36943K, committed 37248K, reserved 1114112K
  class space    used 4850K, committed 4992K, reserved 1048576K
}
Event: 38.585 GC heap after
{Heap after GC invocations=10 (full 0):
 garbage-first heap   total 61440K, used 30946K [0x0000000704000000, 0x0000000800000000)
  region size 2048K, 1 young (2048K), 1 survivors (2048K)
 Metaspace       used 36943K, committed 37248K, reserved 1114112K
  class space    used 4850K, committed 4992K, reserved 1048576K
}
Event: 63.267 GC heap before
{Heap before GC invocations=10 (full 0):
 garbage-first heap   total 61440K, used 45282K [0x0000000704000000, 0x0000000800000000)
  region size 2048K, 8 young (16384K), 1 survivors (2048K)
 Metaspace       used 37702K, committed 37952K, reserved 1114112K
  class space    used 4941K, committed 5056K, reserved 1048576K
}
Event: 63.271 GC heap after
{Heap after GC invocations=11 (full 0):
 garbage-first heap   total 61440K, used 34445K [0x0000000704000000, 0x0000000800000000)
  region size 2048K, 1 young (2048K), 1 survivors (2048K)
 Metaspace       used 37702K, committed 37952K, reserved 1114112K
  class space    used 4941K, committed 5056K, reserved 1048576K
}

