# JRE version: OpenJDK Runtime Environment JBR-17.0.8.1+7-1063.1-nomod (17.0.8.1+7) (build 17.0.8.1+7-b1063.1)
# Java VM: OpenJDK 64-Bit Server VM JBR-17.0.8.1+7-1063.1-nomod (17.0.8.1+7-b1063.1, mixed mode, tiered, compressed oops, compressed class ptrs, g1 gc, windows-amd64)
GC Precious Log:
 CPUs: 32 total, 32 available
 Memory: 16123M
 Large Page Support: Disabled
 NUMA Support: Disabled
 Compressed Oops: Enabled (Zero based)
 Heap Region Size: 2M
 Heap Min Capacity: 8M
 Heap Initial Capacity: 252M
 Heap Max Capacity: 4032M
 Pre-touch: Disabled
 Parallel Workers: 23
 Concurrent Workers: 6
 Concurrent Refinement Workers: 23
 Periodic GC: Disabled
Heap:
 garbage-first heap   total 116736K, used 62579K [0x0000000704000000, 0x0000000800000000)
  region size 2048K, 20 young (40960K), 3 survivors (6144K)
 Metaspace       used 37982K, committed 38336K, reserved 1114112K
  class space    used 4995K, committed 5184K, reserved 1048576K
GC Heap History (14 events):
Event: 1.159 GC heap before
{Heap before GC invocations=0 (full 0):
 garbage-first heap   total 258048K, used 20480K [0x0000000704000000, 0x0000000800000000)
  region size 2048K, 11 young (22528K), 0 survivors (0K)
 Metaspace       used 10857K, committed 11072K, reserved 1114112K
  class space    used 1044K, committed 1152K, reserved 1048576K
}
Event: 1.163 GC heap after
{Heap after GC invocations=1 (full 0):
 garbage-first heap   total 258048K, used 2538K [0x0000000704000000, 0x0000000800000000)
  region size 2048K, 2 young (4096K), 2 survivors (4096K)
 Metaspace       used 10857K, committed 11072K, reserved 1114112K
  class space    used 1044K, committed 1152K, reserved 1048576K
}
Event: 3.287 GC heap before
{Heap before GC invocations=1 (full 0):
 garbage-first heap   total 258048K, used 37354K [0x0000000704000000, 0x0000000800000000)
  region size 2048K, 19 young (38912K), 2 survivors (4096K)
 Metaspace       used 19455K, committed 19584K, reserved 1114112K
  class space    used 2318K, committed 2368K, reserved 1048576K
}
Event: 3.311 GC heap after
{Heap after GC invocations=2 (full 0):
 garbage-first heap   total 258048K, used 6984K [0x0000000704000000, 0x0000000800000000)
  region size 2048K, 3 young (6144K), 3 survivors (6144K)
 Metaspace       used 19455K, committed 19584K, reserved 1114112K
  class space    used 2318K, committed 2368K, reserved 1048576K
}
Event: 4.444 GC heap before
{Heap before GC invocations=2 (full 0):
 garbage-first heap   total 258048K, used 23368K [0x0000000704000000, 0x0000000800000000)
  region size 2048K, 9 young (18432K), 3 survivors (6144K)
 Metaspace       used 21337K, committed 21504K, reserved 1114112K
  class space    used 2646K, committed 2752K, reserved 1048576K
}
Event: 4.455 GC heap after
{Heap after GC invocations=3 (full 0):
 garbage-first heap   total 258048K, used 13826K [0x0000000704000000, 0x0000000800000000)
  region size 2048K, 4 young (8192K), 4 survivors (8192K)
 Metaspace       used 21337K, committed 21504K, reserved 1114112K
  class space    used 2646K, committed 2752K, reserved 1048576K
}
Event: 6.497 GC heap before
{Heap before GC invocations=4 (full 0):
 garbage-first heap   total 61440K, used 44546K [0x0000000704000000, 0x0000000800000000)
  region size 2048K, 18 young (36864K), 4 survivors (8192K)
 Metaspace       used 28001K, committed 28224K, reserved 1114112K
  class space    used 3518K, committed 3648K, reserved 1048576K
}
Event: 6.526 GC heap after
{Heap after GC invocations=5 (full 0):
 garbage-first heap   total 61440K, used 19293K [0x0000000704000000, 0x0000000800000000)
  region size 2048K, 2 young (4096K), 2 survivors (4096K)
 Metaspace       used 28001K, committed 28224K, reserved 1114112K
  class space    used 3518K, committed 3648K, reserved 1048576K
}
Event: 6.767 GC heap before
{Heap before GC invocations=5 (full 0):
 garbage-first heap   total 61440K, used 21341K [0x0000000704000000, 0x0000000800000000)
  region size 2048K, 3 young (6144K), 2 survivors (4096K)
 Metaspace       used 29171K, committed 29440K, reserved 1114112K
  class space    used 3651K, committed 3776K, reserved 1048576K
}
Event: 6.820 GC heap after
{Heap after GC invocations=6 (full 0):
 garbage-first heap   total 61440K, used 19726K [0x0000000704000000, 0x0000000800000000)
  region size 2048K, 1 young (2048K), 1 survivors (2048K)
 Metaspace       used 29171K, committed 29440K, reserved 1114112K
  class space    used 3651K, committed 3776K, reserved 1048576K
}
Event: 8.531 GC heap before
{Heap before GC invocations=6 (full 0):
 garbage-first heap   total 61440K, used 44302K [0x0000000704000000, 0x0000000800000000)
  region size 2048K, 12 young (24576K), 1 survivors (2048K)
 Metaspace       used 33655K, committed 33984K, reserved 1114112K
  class space    used 4344K, committed 4480K, reserved 1048576K
}
Event: 8.535 GC heap after
{Heap after GC invocations=7 (full 0):
 garbage-first heap   total 159744K, used 29040K [0x0000000704000000, 0x0000000800000000)
  region size 2048K, 2 young (4096K), 2 survivors (4096K)
 Metaspace       used 33655K, committed 33984K, reserved 1114112K
  class space    used 4344K, committed 4480K, reserved 1048576K
}
Event: 38.140 GC heap before
{Heap before GC invocations=7 (full 0):
 garbage-first heap   total 159744K, used 45424K [0x0000000704000000, 0x0000000800000000)
  region size 2048K, 10 young (20480K), 2 survivors (4096K)
 Metaspace       used 35778K, committed 36096K, reserved 1114112K
  class space    used 4606K, committed 4800K, reserved 1048576K
}
Event: 38.145 GC heap after
{Heap after GC invocations=8 (full 0):
 garbage-first heap   total 159744K, used 31859K [0x0000000704000000, 0x0000000800000000)
  region size 2048K, 3 young (6144K), 3 survivors (6144K)
 Metaspace       used 35778K, committed 36096K, reserved 1114112K
  class space    used 4606K, committed 4800K, reserved 1048576K
}

