# JRE version: OpenJDK Runtime Environment JBR-17.0.8.1+7-1063.1-nomod (17.0.8.1+7) (build 17.0.8.1+7-b1063.1)
# Java VM: OpenJDK 64-Bit Server VM JBR-17.0.8.1+7-1063.1-nomod (17.0.8.1+7-b1063.1, mixed mode, tiered, compressed oops, compressed class ptrs, g1 gc, windows-amd64)
GC Precious Log:
 CPUs: 32 total, 32 available
 Memory: 16123M
 Large Page Support: Disabled
 NUMA Support: Disabled
 Compressed Oops: Enabled (Zero based)
 Heap Region Size: 2M
 Heap Min Capacity: 8M
 Heap Initial Capacity: 252M
 Heap Max Capacity: 4032M
 Pre-touch: Disabled
 Parallel Workers: 23
 Concurrent Workers: 6
 Concurrent Refinement Workers: 23
 Periodic GC: Disabled
Heap:
 garbage-first heap   total 110592K, used 62245K [0x0000000704000000, 0x0000000800000000)
  region size 2048K, 18 young (36864K), 1 survivors (2048K)
 Metaspace       used 38057K, committed 38336K, reserved 1114112K
  class space    used 4956K, committed 5056K, reserved 1048576K
GC Heap History (14 events):
Event: 0.389 GC heap before
{Heap before GC invocations=0 (full 0):
 garbage-first heap   total 258048K, used 20480K [0x0000000704000000, 0x0000000800000000)
  region size 2048K, 11 young (22528K), 0 survivors (0K)
 Metaspace       used 10823K, committed 11072K, reserved 1114112K
  class space    used 1037K, committed 1152K, reserved 1048576K
}
Event: 0.390 GC heap after
{Heap after GC invocations=1 (full 0):
 garbage-first heap   total 258048K, used 2538K [0x0000000704000000, 0x0000000800000000)
  region size 2048K, 2 young (4096K), 2 survivors (4096K)
 Metaspace       used 10823K, committed 11072K, reserved 1114112K
  class space    used 1037K, committed 1152K, reserved 1048576K
}
Event: 1.120 GC heap before
{Heap before GC invocations=1 (full 0):
 garbage-first heap   total 258048K, used 43498K [0x0000000704000000, 0x0000000800000000)
  region size 2048K, 20 young (40960K), 2 survivors (4096K)
 Metaspace       used 20142K, committed 20352K, reserved 1114112K
  class space    used 2403K, committed 2496K, reserved 1048576K
}
Event: 1.145 GC heap after
{Heap after GC invocations=2 (full 0):
 garbage-first heap   total 258048K, used 13071K [0x0000000704000000, 0x0000000800000000)
  region size 2048K, 3 young (6144K), 3 survivors (6144K)
 Metaspace       used 20142K, committed 20352K, reserved 1114112K
  class space    used 2403K, committed 2496K, reserved 1048576K
}
Event: 1.327 GC heap before
{Heap before GC invocations=2 (full 0):
 garbage-first heap   total 258048K, used 21263K [0x0000000704000000, 0x0000000800000000)
  region size 2048K, 8 young (16384K), 3 survivors (6144K)
 Metaspace       used 21356K, committed 21504K, reserved 1114112K
  class space    used 2644K, committed 2688K, reserved 1048576K
}
Event: 1.333 GC heap after
{Heap after GC invocations=3 (full 0):
 garbage-first heap   total 258048K, used 14384K [0x0000000704000000, 0x0000000800000000)
  region size 2048K, 4 young (8192K), 4 survivors (8192K)
 Metaspace       used 21356K, committed 21504K, reserved 1114112K
  class space    used 2644K, committed 2688K, reserved 1048576K
}
Event: 2.384 GC heap before
{Heap before GC invocations=4 (full 0):
 garbage-first heap   total 61440K, used 45104K [0x0000000704000000, 0x0000000800000000)
  region size 2048K, 18 young (36864K), 4 survivors (8192K)
 Metaspace       used 28704K, committed 29056K, reserved 1114112K
  class space    used 3597K, committed 3776K, reserved 1048576K
}
Event: 2.388 GC heap after
{Heap after GC invocations=5 (full 0):
 garbage-first heap   total 61440K, used 18535K [0x0000000704000000, 0x0000000800000000)
  region size 2048K, 2 young (4096K), 2 survivors (4096K)
 Metaspace       used 28704K, committed 29056K, reserved 1114112K
  class space    used 3597K, committed 3776K, reserved 1048576K
}
Event: 2.440 GC heap before
{Heap before GC invocations=5 (full 0):
 garbage-first heap   total 61440K, used 20583K [0x0000000704000000, 0x0000000800000000)
  region size 2048K, 3 young (6144K), 2 survivors (4096K)
 Metaspace       used 29677K, committed 29952K, reserved 1114112K
  class space    used 3706K, committed 3840K, reserved 1048576K
}
Event: 2.442 GC heap after
{Heap after GC invocations=6 (full 0):
 garbage-first heap   total 61440K, used 19048K [0x0000000704000000, 0x0000000800000000)
  region size 2048K, 1 young (2048K), 1 survivors (2048K)
 Metaspace       used 29677K, committed 29952K, reserved 1114112K
  class space    used 3706K, committed 3840K, reserved 1048576K
}
Event: 3.129 GC heap before
{Heap before GC invocations=6 (full 0):
 garbage-first heap   total 61440K, used 45672K [0x0000000704000000, 0x0000000800000000)
  region size 2048K, 12 young (24576K), 1 survivors (2048K)
 Metaspace       used 33678K, committed 33920K, reserved 1114112K
  class space    used 4337K, committed 4480K, reserved 1048576K
}
Event: 3.136 GC heap after
{Heap after GC invocations=7 (full 0):
 garbage-first heap   total 61440K, used 28167K [0x0000000704000000, 0x0000000800000000)
  region size 2048K, 2 young (4096K), 2 survivors (4096K)
 Metaspace       used 33678K, committed 33920K, reserved 1114112K
  class space    used 4337K, committed 4480K, reserved 1048576K
}
Event: 4.716 GC heap before
{Heap before GC invocations=7 (full 0):
 garbage-first heap   total 61440K, used 36359K [0x0000000704000000, 0x0000000800000000)
  region size 2048K, 6 young (12288K), 2 survivors (4096K)
 Metaspace       used 35725K, committed 35968K, reserved 1114112K
  class space    used 4598K, committed 4736K, reserved 1048576K
}
Event: 4.722 GC heap after
{Heap after GC invocations=8 (full 0):
 garbage-first heap   total 159744K, used 31525K [0x0000000704000000, 0x0000000800000000)
  region size 2048K, 1 young (2048K), 1 survivors (2048K)
 Metaspace       used 35725K, committed 35968K, reserved 1114112K
  class space    used 4598K, committed 4736K, reserved 1048576K
}

