# JRE version: OpenJDK Runtime Environment JBR-17.0.8.1+7-1063.1-nomod (17.0.8.1+7) (build 17.0.8.1+7-b1063.1)
# Java VM: OpenJDK 64-Bit Server VM JBR-17.0.8.1+7-1063.1-nomod (17.0.8.1+7-b1063.1, mixed mode, tiered, compressed oops, compressed class ptrs, g1 gc, windows-amd64)
GC Precious Log:
 CPUs: 32 total, 32 available
 Memory: 16123M
 Large Page Support: Disabled
 NUMA Support: Disabled
 Compressed Oops: Enabled (Zero based)
 Heap Region Size: 2M
 Heap Min Capacity: 8M
 Heap Initial Capacity: 252M
 Heap Max Capacity: 4032M
 Pre-touch: Disabled
 Parallel Workers: 23
 Concurrent Workers: 6
 Concurrent Refinement Workers: 23
 Periodic GC: Disabled
Heap:
 garbage-first heap   total 149504K, used 100832K [0x0000000704000000, 0x0000000800000000)
  region size 2048K, 38 young (77824K), 1 survivors (2048K)
 Metaspace       used 39551K, committed 39808K, reserved 1114112K
  class space    used 5056K, committed 5184K, reserved 1048576K
GC Heap History (20 events):
Event: 0.455 GC heap before
{Heap before GC invocations=0 (full 0):
 garbage-first heap   total 258048K, used 22528K [0x0000000704000000, 0x0000000800000000)
  region size 2048K, 11 young (22528K), 0 survivors (0K)
 Metaspace       used 10822K, committed 11072K, reserved 1114112K
  class space    used 1037K, committed 1152K, reserved 1048576K
}
Event: 0.457 GC heap after
{Heap after GC invocations=1 (full 0):
 garbage-first heap   total 258048K, used 2472K [0x0000000704000000, 0x0000000800000000)
  region size 2048K, 2 young (4096K), 2 survivors (4096K)
 Metaspace       used 10822K, committed 11072K, reserved 1114112K
  class space    used 1037K, committed 1152K, reserved 1048576K
}
Event: 0.777 GC heap before
{Heap before GC invocations=1 (full 0):
 garbage-first heap   total 258048K, used 37288K [0x0000000704000000, 0x0000000800000000)
  region size 2048K, 20 young (40960K), 2 survivors (4096K)
 Metaspace       used 19933K, committed 20096K, reserved 1114112K
  class space    used 2377K, committed 2432K, reserved 1048576K
}
Event: 0.780 GC heap after
{Heap after GC invocations=2 (full 0):
 garbage-first heap   total 258048K, used 6780K [0x0000000704000000, 0x0000000800000000)
  region size 2048K, 3 young (6144K), 3 survivors (6144K)
 Metaspace       used 19933K, committed 20096K, reserved 1114112K
  class space    used 2377K, committed 2432K, reserved 1048576K
}
Event: 0.888 GC heap before
{Heap before GC invocations=2 (full 0):
 garbage-first heap   total 258048K, used 10876K [0x0000000704000000, 0x0000000800000000)
  region size 2048K, 6 young (12288K), 3 survivors (6144K)
 Metaspace       used 21367K, committed 21504K, reserved 1114112K
  class space    used 2511K, committed 2560K, reserved 1048576K
}
Event: 0.890 GC heap after
{Heap after GC invocations=3 (full 0):
 garbage-first heap   total 258048K, used 7689K [0x0000000704000000, 0x0000000800000000)
  region size 2048K, 4 young (8192K), 4 survivors (8192K)
 Metaspace       used 21367K, committed 21504K, reserved 1114112K
  class space    used 2511K, committed 2560K, reserved 1048576K
}
Event: 1.053 GC heap before
{Heap before GC invocations=4 (full 0):
 garbage-first heap   total 40960K, used 26121K [0x0000000704000000, 0x0000000800000000)
  region size 2048K, 14 young (28672K), 4 survivors (8192K)
 Metaspace       used 24584K, committed 24832K, reserved 1114112K
  class space    used 3139K, committed 3264K, reserved 1048576K
}
Event: 1.056 GC heap after
{Heap after GC invocations=5 (full 0):
 garbage-first heap   total 40960K, used 9429K [0x0000000704000000, 0x0000000800000000)
  region size 2048K, 5 young (10240K), 5 survivors (10240K)
 Metaspace       used 24584K, committed 24832K, reserved 1114112K
  class space    used 3139K, committed 3264K, reserved 1048576K
}
Event: 1.431 GC heap before
{Heap before GC invocations=5 (full 0):
 garbage-first heap   total 40960K, used 11477K [0x0000000704000000, 0x0000000800000000)
  region size 2048K, 6 young (12288K), 5 survivors (10240K)
 Metaspace       used 25022K, committed 25280K, reserved 1114112K
  class space    used 3187K, committed 3328K, reserved 1048576K
}
Event: 1.435 GC heap after
{Heap after GC invocations=6 (full 0):
 garbage-first heap   total 40960K, used 12662K [0x0000000704000000, 0x0000000800000000)
  region size 2048K, 1 young (2048K), 1 survivors (2048K)
 Metaspace       used 25022K, committed 25280K, reserved 1114112K
  class space    used 3187K, committed 3328K, reserved 1048576K
}
Event: 1.602 GC heap before
{Heap before GC invocations=6 (full 0):
 garbage-first heap   total 40960K, used 29046K [0x0000000704000000, 0x0000000800000000)
  region size 2048K, 9 young (18432K), 1 survivors (2048K)
 Metaspace       used 30645K, committed 30912K, reserved 1114112K
  class space    used 3809K, committed 3968K, reserved 1048576K
}
Event: 1.603 GC heap after
{Heap after GC invocations=7 (full 0):
 garbage-first heap   total 40960K, used 13658K [0x0000000704000000, 0x0000000800000000)
  region size 2048K, 2 young (4096K), 2 survivors (4096K)
 Metaspace       used 30645K, committed 30912K, reserved 1114112K
  class space    used 3809K, committed 3968K, reserved 1048576K
}
Event: 7.770 GC heap before
{Heap before GC invocations=7 (full 0):
 garbage-first heap   total 40960K, used 27994K [0x0000000704000000, 0x0000000800000000)
  region size 2048K, 9 young (18432K), 2 survivors (4096K)
 Metaspace       used 33641K, committed 33920K, reserved 1114112K
  class space    used 4310K, committed 4416K, reserved 1048576K
}
Event: 7.772 GC heap after
{Heap after GC invocations=8 (full 0):
 garbage-first heap   total 40960K, used 15313K [0x0000000704000000, 0x0000000800000000)
  region size 2048K, 2 young (4096K), 2 survivors (4096K)
 Metaspace       used 33641K, committed 33920K, reserved 1114112K
  class space    used 4310K, committed 4416K, reserved 1048576K
}
Event: 10.300 GC heap before
{Heap before GC invocations=8 (full 0):
 garbage-first heap   total 40960K, used 25553K [0x0000000704000000, 0x0000000800000000)
  region size 2048K, 8 young (16384K), 2 survivors (4096K)
 Metaspace       used 35753K, committed 35968K, reserved 1114112K
  class space    used 4577K, committed 4672K, reserved 1048576K
}
Event: 10.302 GC heap after
{Heap after GC invocations=9 (full 0):
 garbage-first heap   total 40960K, used 17472K [0x0000000704000000, 0x0000000800000000)
  region size 2048K, 2 young (4096K), 2 survivors (4096K)
 Metaspace       used 35753K, committed 35968K, reserved 1114112K
  class space    used 4577K, committed 4672K, reserved 1048576K
}
Event: 16.960 GC heap before
{Heap before GC invocations=10 (full 0):
 garbage-first heap   total 40960K, used 29760K [0x0000000704000000, 0x0000000800000000)
  region size 2048K, 8 young (16384K), 2 survivors (4096K)
 Metaspace       used 36945K, committed 37248K, reserved 1114112K
  class space    used 4812K, committed 4928K, reserved 1048576K
}
Event: 16.972 GC heap after
{Heap after GC invocations=11 (full 0):
 garbage-first heap   total 149504K, used 19718K [0x0000000704000000, 0x0000000800000000)
  region size 2048K, 1 young (2048K), 1 survivors (2048K)
 Metaspace       used 36945K, committed 37248K, reserved 1114112K
  class space    used 4812K, committed 4928K, reserved 1048576K
}
Event: 17.009 GC heap before
{Heap before GC invocations=11 (full 0):
 garbage-first heap   total 149504K, used 23814K [0x0000000704000000, 0x0000000800000000)
  region size 2048K, 3 young (6144K), 1 survivors (2048K)
 Metaspace       used 36968K, committed 37248K, reserved 1114112K
  class space    used 4812K, committed 4928K, reserved 1048576K
}
Event: 17.027 GC heap after
{Heap after GC invocations=12 (full 0):
 garbage-first heap   total 149504K, used 20960K [0x0000000704000000, 0x0000000800000000)
  region size 2048K, 1 young (2048K), 1 survivors (2048K)
 Metaspace       used 36968K, committed 37248K, reserved 1114112K
  class space    used 4812K, committed 4928K, reserved 1048576K
}

