# JRE version: OpenJDK Runtime Environment JBR-17.0.8.1+7-1063.1-nomod (17.0.8.1+7) (build 17.0.8.1+7-b1063.1)
# Java VM: OpenJDK 64-Bit Server VM JBR-17.0.8.1+7-1063.1-nomod (17.0.8.1+7-b1063.1, mixed mode, tiered, compressed oops, compressed class ptrs, g1 gc, windows-amd64)
GC Precious Log:
 CPUs: 32 total, 32 available
 Memory: 16123M
 Large Page Support: Disabled
 NUMA Support: Disabled
 Compressed Oops: Enabled (Zero based)
 Heap Region Size: 2M
 Heap Min Capacity: 8M
 Heap Initial Capacity: 252M
 Heap Max Capacity: 4032M
 Pre-touch: Disabled
 Parallel Workers: 23
 Concurrent Workers: 6
 Concurrent Refinement Workers: 23
 Periodic GC: Disabled
Heap:
 garbage-first heap   total 61440K, used 39444K [0x0000000704000000, 0x0000000800000000)
  region size 2048K, 3 young (6144K), 1 survivors (2048K)
 Metaspace       used 37441K, committed 37760K, reserved 1114112K
  class space    used 4802K, committed 4992K, reserved 1048576K
GC Heap History (16 events):
Event: 0.429 GC heap before
{Heap before GC invocations=0 (full 0):
 garbage-first heap   total 258048K, used 22528K [0x0000000704000000, 0x0000000800000000)
  region size 2048K, 11 young (22528K), 0 survivors (0K)
 Metaspace       used 10901K, committed 11072K, reserved 1114112K
  class space    used 1052K, committed 1152K, reserved 1048576K
}
Event: 0.431 GC heap after
{Heap after GC invocations=1 (full 0):
 garbage-first heap   total 258048K, used 2538K [0x0000000704000000, 0x0000000800000000)
  region size 2048K, 2 young (4096K), 2 survivors (4096K)
 Metaspace       used 10901K, committed 11072K, reserved 1114112K
  class space    used 1052K, committed 1152K, reserved 1048576K
}
Event: 1.067 GC heap before
{Heap before GC invocations=1 (full 0):
 garbage-first heap   total 258048K, used 45546K [0x0000000704000000, 0x0000000800000000)
  region size 2048K, 20 young (40960K), 2 survivors (4096K)
 Metaspace       used 20099K, committed 20288K, reserved 1114112K
  class space    used 2404K, committed 2496K, reserved 1048576K
}
Event: 1.070 GC heap after
{Heap after GC invocations=2 (full 0):
 garbage-first heap   total 258048K, used 13254K [0x0000000704000000, 0x0000000800000000)
  region size 2048K, 3 young (6144K), 3 survivors (6144K)
 Metaspace       used 20099K, committed 20288K, reserved 1114112K
  class space    used 2404K, committed 2496K, reserved 1048576K
}
Event: 1.194 GC heap before
{Heap before GC invocations=2 (full 0):
 garbage-first heap   total 258048K, used 21446K [0x0000000704000000, 0x0000000800000000)
  region size 2048K, 8 young (16384K), 3 survivors (6144K)
 Metaspace       used 21264K, committed 21504K, reserved 1114112K
  class space    used 2621K, committed 2752K, reserved 1048576K
}
Event: 1.195 GC heap after
{Heap after GC invocations=3 (full 0):
 garbage-first heap   total 258048K, used 14237K [0x0000000704000000, 0x0000000800000000)
  region size 2048K, 4 young (8192K), 4 survivors (8192K)
 Metaspace       used 21264K, committed 21504K, reserved 1114112K
  class space    used 2621K, committed 2752K, reserved 1048576K
}
Event: 2.306 GC heap before
{Heap before GC invocations=4 (full 0):
 garbage-first heap   total 61440K, used 44957K [0x0000000704000000, 0x0000000800000000)
  region size 2048K, 18 young (36864K), 4 survivors (8192K)
 Metaspace       used 28759K, committed 29056K, reserved 1114112K
  class space    used 3611K, committed 3776K, reserved 1048576K
}
Event: 2.310 GC heap after
{Heap after GC invocations=5 (full 0):
 garbage-first heap   total 61440K, used 19183K [0x0000000704000000, 0x0000000800000000)
  region size 2048K, 2 young (4096K), 2 survivors (4096K)
 Metaspace       used 28759K, committed 29056K, reserved 1114112K
  class space    used 3611K, committed 3776K, reserved 1048576K
}
Event: 2.359 GC heap before
{Heap before GC invocations=5 (full 0):
 garbage-first heap   total 61440K, used 19183K [0x0000000704000000, 0x0000000800000000)
  region size 2048K, 3 young (6144K), 2 survivors (4096K)
 Metaspace       used 29710K, committed 30016K, reserved 1114112K
  class space    used 3710K, committed 3904K, reserved 1048576K
}
Event: 2.361 GC heap after
{Heap after GC invocations=6 (full 0):
 garbage-first heap   total 61440K, used 19658K [0x0000000704000000, 0x0000000800000000)
  region size 2048K, 1 young (2048K), 1 survivors (2048K)
 Metaspace       used 29710K, committed 30016K, reserved 1114112K
  class space    used 3710K, committed 3904K, reserved 1048576K
}
Event: 3.012 GC heap before
{Heap before GC invocations=6 (full 0):
 garbage-first heap   total 61440K, used 44234K [0x0000000704000000, 0x0000000800000000)
  region size 2048K, 11 young (22528K), 1 survivors (2048K)
 Metaspace       used 33604K, committed 33920K, reserved 1114112K
  class space    used 4335K, committed 4480K, reserved 1048576K
}
Event: 3.014 GC heap after
{Heap after GC invocations=7 (full 0):
 garbage-first heap   total 61440K, used 28507K [0x0000000704000000, 0x0000000800000000)
  region size 2048K, 2 young (4096K), 2 survivors (4096K)
 Metaspace       used 33604K, committed 33920K, reserved 1114112K
  class space    used 4335K, committed 4480K, reserved 1048576K
}
Event: 4.640 GC heap before
{Heap before GC invocations=7 (full 0):
 garbage-first heap   total 61440K, used 36699K [0x0000000704000000, 0x0000000800000000)
  region size 2048K, 6 young (12288K), 2 survivors (4096K)
 Metaspace       used 35190K, committed 35456K, reserved 1114112K
  class space    used 4570K, committed 4736K, reserved 1048576K
}
Event: 4.641 GC heap after
{Heap after GC invocations=8 (full 0):
 garbage-first heap   total 61440K, used 31478K [0x0000000704000000, 0x0000000800000000)
  region size 2048K, 1 young (2048K), 1 survivors (2048K)
 Metaspace       used 35190K, committed 35456K, reserved 1114112K
  class space    used 4570K, committed 4736K, reserved 1048576K
}
Event: 6.206 GC heap before
{Heap before GC invocations=9 (full 0):
 garbage-first heap   total 61440K, used 47862K [0x0000000704000000, 0x0000000800000000)
  region size 2048K, 8 young (16384K), 1 survivors (2048K)
 Metaspace       used 37001K, committed 37312K, reserved 1114112K
  class space    used 4776K, committed 4928K, reserved 1048576K
}
Event: 6.208 GC heap after
{Heap after GC invocations=10 (full 0):
 garbage-first heap   total 61440K, used 37396K [0x0000000704000000, 0x0000000800000000)
  region size 2048K, 1 young (2048K), 1 survivors (2048K)
 Metaspace       used 37001K, committed 37312K, reserved 1114112K
  class space    used 4776K, committed 4928K, reserved 1048576K
}

